<?xml version="1.0" encoding="UTF-8"?>
<testsuite name="br.com.tqi.client.controller.AddressControllerTest" tests="2" skipped="0" failures="0" errors="0" timestamp="2020-03-25T13:03:46" hostname="MBP-de-Diego" time="0.51">
  <properties/>
  <testcase name="testBuscarPorCep" classname="br.com.tqi.client.controller.AddressControllerTest" time="0.293"/>
  <testcase name="testBuscarPorCepViaCepOut" classname="br.com.tqi.client.controller.AddressControllerTest" time="0.215"/>
  <system-out><![CDATA[10:03:28.548 [Test worker] DEBUG org.springframework.test.context.junit4.SpringJUnit4ClassRunner - SpringJUnit4ClassRunner constructor called with [class br.com.tqi.client.controller.AddressControllerTest]
10:03:28.603 [Test worker] DEBUG org.springframework.test.context.BootstrapUtils - Instantiating CacheAwareContextLoaderDelegate from class [org.springframework.test.context.cache.DefaultCacheAwareContextLoaderDelegate]
10:03:28.623 [Test worker] DEBUG org.springframework.test.context.BootstrapUtils - Instantiating BootstrapContext using constructor [public org.springframework.test.context.support.DefaultBootstrapContext(java.lang.Class,org.springframework.test.context.CacheAwareContextLoaderDelegate)]
10:03:28.768 [Test worker] DEBUG org.springframework.test.context.BootstrapUtils - Instantiating TestContextBootstrapper for test class [br.com.tqi.client.controller.AddressControllerTest] from class [org.springframework.boot.test.context.SpringBootTestContextBootstrapper]
10:03:28.811 [Test worker] INFO org.springframework.boot.test.context.SpringBootTestContextBootstrapper - Neither @ContextConfiguration nor @ContextHierarchy found for test class [br.com.tqi.client.controller.AddressControllerTest], using SpringBootContextLoader
10:03:28.841 [Test worker] DEBUG org.springframework.test.context.support.AbstractContextLoader - Did not detect default resource location for test class [br.com.tqi.client.controller.AddressControllerTest]: class path resource [br/com/tqi/client/controller/AddressControllerTest-context.xml] does not exist
10:03:28.844 [Test worker] DEBUG org.springframework.test.context.support.AbstractContextLoader - Did not detect default resource location for test class [br.com.tqi.client.controller.AddressControllerTest]: class path resource [br/com/tqi/client/controller/AddressControllerTestContext.groovy] does not exist
10:03:28.845 [Test worker] INFO org.springframework.test.context.support.AbstractContextLoader - Could not detect default resource locations for test class [br.com.tqi.client.controller.AddressControllerTest]: no resource found for suffixes {-context.xml, Context.groovy}.
10:03:28.847 [Test worker] INFO org.springframework.test.context.support.AnnotationConfigContextLoaderUtils - Could not detect default configuration classes for test class [br.com.tqi.client.controller.AddressControllerTest]: AddressControllerTest does not declare any static, non-private, non-final, nested classes annotated with @Configuration.
10:03:28.982 [Test worker] DEBUG org.springframework.test.context.support.ActiveProfilesUtils - Could not find an 'annotation declaring class' for annotation type [org.springframework.test.context.ActiveProfiles] and class [br.com.tqi.client.controller.AddressControllerTest]
10:03:29.238 [Test worker] DEBUG org.springframework.context.annotation.ClassPathScanningCandidateComponentProvider - Identified candidate component class: file [/Users/dmjesus89/Downloads/tqi-test-development-master/build/classes/java/main/br/com/tqi/client/ClientApplication.class]
10:03:29.239 [Test worker] INFO org.springframework.boot.test.context.SpringBootTestContextBootstrapper - Found @SpringBootConfiguration br.com.tqi.client.ClientApplication for test class br.com.tqi.client.controller.AddressControllerTest
10:03:29.396 [Test worker] DEBUG org.springframework.boot.test.context.SpringBootTestContextBootstrapper - @TestExecutionListeners is not present for class [br.com.tqi.client.controller.AddressControllerTest]: using defaults.
10:03:29.397 [Test worker] INFO org.springframework.boot.test.context.SpringBootTestContextBootstrapper - Loaded default TestExecutionListener class names from location [META-INF/spring.factories]: [org.springframework.boot.test.autoconfigure.restdocs.RestDocsTestExecutionListener, org.springframework.boot.test.autoconfigure.web.client.MockRestServiceServerResetTestExecutionListener, org.springframework.boot.test.autoconfigure.web.servlet.MockMvcPrintOnlyOnFailureTestExecutionListener, org.springframework.boot.test.autoconfigure.web.servlet.WebDriverTestExecutionListener, org.springframework.boot.test.mock.mockito.MockitoTestExecutionListener, org.springframework.boot.test.mock.mockito.ResetMocksTestExecutionListener, org.springframework.test.context.web.ServletTestExecutionListener, org.springframework.test.context.support.DirtiesContextBeforeModesTestExecutionListener, org.springframework.test.context.support.DependencyInjectionTestExecutionListener, org.springframework.test.context.support.DirtiesContextTestExecutionListener, org.springframework.test.context.transaction.TransactionalTestExecutionListener, org.springframework.test.context.jdbc.SqlScriptsTestExecutionListener, org.springframework.test.context.event.EventPublishingTestExecutionListener]
10:03:29.422 [Test worker] INFO org.springframework.boot.test.context.SpringBootTestContextBootstrapper - Using TestExecutionListeners: [org.springframework.test.context.web.ServletTestExecutionListener@1417e257, org.springframework.test.context.support.DirtiesContextBeforeModesTestExecutionListener@491eeed9, org.springframework.boot.test.mock.mockito.MockitoTestExecutionListener@14af6a6, org.springframework.boot.test.autoconfigure.SpringBootDependencyInjectionTestExecutionListener@31546293, org.springframework.test.context.support.DirtiesContextTestExecutionListener@1a7a3bb4, org.springframework.test.context.transaction.TransactionalTestExecutionListener@24ac7604, org.springframework.test.context.jdbc.SqlScriptsTestExecutionListener@72855bf1, org.springframework.test.context.event.EventPublishingTestExecutionListener@6057efc8, org.springframework.boot.test.autoconfigure.restdocs.RestDocsTestExecutionListener@2b3bcfed, org.springframework.boot.test.autoconfigure.web.client.MockRestServiceServerResetTestExecutionListener@6ce080d8, org.springframework.boot.test.autoconfigure.web.servlet.MockMvcPrintOnlyOnFailureTestExecutionListener@34e21466, org.springframework.boot.test.autoconfigure.web.servlet.WebDriverTestExecutionListener@6b94849d, org.springframework.boot.test.mock.mockito.ResetMocksTestExecutionListener@1e257aa5]
10:03:29.430 [Test worker] DEBUG org.springframework.test.annotation.ProfileValueUtils - Retrieved @ProfileValueSourceConfiguration [null] for test class [br.com.tqi.client.controller.AddressControllerTest]
10:03:29.431 [Test worker] DEBUG org.springframework.test.annotation.ProfileValueUtils - Retrieved ProfileValueSource type [class org.springframework.test.annotation.SystemProfileValueSource] for class [br.com.tqi.client.controller.AddressControllerTest]
10:03:29.441 [Test worker] DEBUG org.springframework.test.annotation.ProfileValueUtils - Retrieved @ProfileValueSourceConfiguration [null] for test class [br.com.tqi.client.controller.AddressControllerTest]
10:03:29.442 [Test worker] DEBUG org.springframework.test.annotation.ProfileValueUtils - Retrieved ProfileValueSource type [class org.springframework.test.annotation.SystemProfileValueSource] for class [br.com.tqi.client.controller.AddressControllerTest]
10:03:29.443 [Test worker] DEBUG org.springframework.test.annotation.ProfileValueUtils - Retrieved @ProfileValueSourceConfiguration [null] for test class [br.com.tqi.client.controller.AddressControllerTest]
10:03:29.444 [Test worker] DEBUG org.springframework.test.annotation.ProfileValueUtils - Retrieved ProfileValueSource type [class org.springframework.test.annotation.SystemProfileValueSource] for class [br.com.tqi.client.controller.AddressControllerTest]
10:03:29.449 [Test worker] DEBUG org.springframework.test.context.support.AbstractDirtiesContextTestExecutionListener - Before test class: context [DefaultTestContext@39405ffe testClass = AddressControllerTest, testInstance = [null], testMethod = [null], testException = [null], mergedContextConfiguration = [WebMergedContextConfiguration@38221f56 testClass = AddressControllerTest, locations = '{}', classes = '{class br.com.tqi.client.ClientApplication}', contextInitializerClasses = '[]', activeProfiles = '{}', propertySourceLocations = '{}', propertySourceProperties = '{org.springframework.boot.test.context.SpringBootTestContextBootstrapper=true}', contextCustomizers = set[org.springframework.boot.test.autoconfigure.properties.PropertyMappingContextCustomizer@4b3fa0b3, org.springframework.boot.test.autoconfigure.web.servlet.WebDriverContextCustomizerFactory$Customizer@142d7a63, [ImportsContextCustomizer@2f48507c key = [org.springframework.boot.test.autoconfigure.web.servlet.MockMvcAutoConfiguration, org.springframework.boot.test.autoconfigure.web.servlet.MockMvcWebClientAutoConfiguration, org.springframework.boot.test.autoconfigure.web.servlet.MockMvcWebDriverAutoConfiguration, org.springframework.boot.autoconfigure.security.servlet.SecurityAutoConfiguration, org.springframework.boot.autoconfigure.security.servlet.UserDetailsServiceAutoConfiguration, org.springframework.boot.test.autoconfigure.web.servlet.MockMvcSecurityConfiguration]], org.springframework.boot.test.context.filter.ExcludeFilterContextCustomizer@69f82af1, org.springframework.boot.test.json.DuplicateJsonObjectContextCustomizerFactory$DuplicateJsonObjectContextCustomizer@60d97c85, org.springframework.boot.test.mock.mockito.MockitoContextCustomizer@4be5559, org.springframework.boot.test.web.client.TestRestTemplateContextCustomizer@4671dba9], resourceBasePath = 'src/main/webapp', contextLoader = 'org.springframework.boot.test.context.SpringBootContextLoader', parent = [null]], attributes = map['org.springframework.test.context.web.ServletTestExecutionListener.activateListener' -> true]], class annotated with @DirtiesContext [false] with mode [null].
10:03:29.455 [Test worker] DEBUG org.springframework.test.annotation.ProfileValueUtils - Retrieved @ProfileValueSourceConfiguration [null] for test class [br.com.tqi.client.controller.AddressControllerTest]
10:03:29.456 [Test worker] DEBUG org.springframework.test.annotation.ProfileValueUtils - Retrieved ProfileValueSource type [class org.springframework.test.annotation.SystemProfileValueSource] for class [br.com.tqi.client.controller.AddressControllerTest]
10:03:29.498 [Test worker] DEBUG org.springframework.test.context.support.TestPropertySourceUtils - Adding inlined properties to environment: {spring.jmx.enabled=false, org.springframework.boot.test.context.SpringBootTestContextBootstrapper=true, server.port=-1}

  .   ____          _            __ _ _
 /\\ / ___'_ __ _ _(_)_ __  __ _ \ \ \ \
( ( )\___ | '_ | '_| | '_ \/ _` | \ \ \ \
 \\/  ___)| |_)| | | | | || (_| |  ) ) ) )
  '  |____| .__|_| |_|_| |_\__, | / / / /
 =========|_|==============|___/=/_/_/_/
 :: Spring Boot ::        (v2.2.5.RELEASE)

2020-03-25 10:03:31.418  INFO 911 --- [    Test worker] b.c.t.c.c.AddressControllerTest          : No active profile set, falling back to default profiles: default
2020-03-25 10:03:33.302 DEBUG 911 --- [    Test worker] o.s.c.openfeign.FeignClientsRegistrar$2  : Identified candidate component class: file [/Users/dmjesus89/Downloads/tqi-test-development-master/build/classes/java/main/br/com/tqi/client/proxy/ViaCepProxy.class]
2020-03-25 10:03:33.805  INFO 911 --- [    Test worker] .s.d.r.c.RepositoryConfigurationDelegate : Bootstrapping Spring Data JPA repositories in DEFAULT mode.
2020-03-25 10:03:34.079  INFO 911 --- [    Test worker] .s.d.r.c.RepositoryConfigurationDelegate : Finished Spring Data repository scanning in 252ms. Found 2 JPA repository interfaces.
2020-03-25 10:03:34.909  INFO 911 --- [    Test worker] o.s.cloud.context.scope.GenericScope     : BeanFactory id=102847df-f262-36be-89af-7f3c88765ffc
2020-03-25 10:03:37.637  INFO 911 --- [    Test worker] o.f.c.internal.license.VersionPrinter    : Flyway Community Edition 5.2.4 by Boxfuse
2020-03-25 10:03:37.651  INFO 911 --- [    Test worker] com.zaxxer.hikari.HikariDataSource       : HikariPool-1 - Starting...
2020-03-25 10:03:38.032  INFO 911 --- [    Test worker] com.zaxxer.hikari.HikariDataSource       : HikariPool-1 - Start completed.
2020-03-25 10:03:38.051  INFO 911 --- [    Test worker] o.f.c.internal.database.DatabaseFactory  : Database: jdbc:h2:mem:tqi-test-client-test (H2 1.4)
2020-03-25 10:03:38.130  WARN 911 --- [    Test worker] o.f.c.internal.database.base.Database    : Flyway upgrade recommended: H2 1.4.199 is newer than this version of Flyway and support has not been tested.
2020-03-25 10:03:38.271  INFO 911 --- [    Test worker] o.f.core.internal.command.DbValidate     : Successfully validated 2 migrations (execution time 00:00.040s)
2020-03-25 10:03:38.309  INFO 911 --- [    Test worker] o.f.c.i.s.JdbcTableSchemaHistory         : Creating Schema History table: "PUBLIC"."flyway_schema_history"
2020-03-25 10:03:38.367  INFO 911 --- [    Test worker] o.f.core.internal.command.DbMigrate      : Current version of schema "PUBLIC": << Empty Schema >>
2020-03-25 10:03:38.373  INFO 911 --- [    Test worker] o.f.core.internal.command.DbMigrate      : Migrating schema "PUBLIC" to version 0 - script inicial
2020-03-25 10:03:38.433  INFO 911 --- [    Test worker] o.f.core.internal.command.DbMigrate      : Migrating schema "PUBLIC" to version 1 - script inicial insert
2020-03-25 10:03:38.473  INFO 911 --- [    Test worker] o.f.core.internal.command.DbMigrate      : Successfully applied 2 migrations to schema "PUBLIC" (execution time 00:00.169s)
2020-03-25 10:03:38.773  INFO 911 --- [    Test worker] o.hibernate.jpa.internal.util.LogHelper  : HHH000204: Processing PersistenceUnitInfo [name: default]
2020-03-25 10:03:38.940  INFO 911 --- [    Test worker] org.hibernate.Version                    : HHH000412: Hibernate ORM core version 5.4.12.Final
2020-03-25 10:03:39.037  INFO 911 --- [    Test worker] o.hibernate.annotations.common.Version   : HCANN000001: Hibernate Commons Annotations {5.1.0.Final}
2020-03-25 10:03:39.341  INFO 911 --- [    Test worker] org.hibernate.dialect.Dialect            : HHH000400: Using dialect: org.hibernate.dialect.H2Dialect
2020-03-25 10:03:40.749  INFO 911 --- [    Test worker] o.h.e.t.j.p.i.JtaPlatformInitiator       : HHH000490: Using JtaPlatform implementation: [org.hibernate.engine.transaction.jta.platform.internal.NoJtaPlatform]
2020-03-25 10:03:40.767  INFO 911 --- [    Test worker] j.LocalContainerEntityManagerFactoryBean : Initialized JPA EntityManagerFactory for persistence unit 'default'
2020-03-25 10:03:43.518  INFO 911 --- [    Test worker] pertySourcedRequestMappingHandlerMapping : Mapped URL path [/v2/api-docs] onto method [springfox.documentation.swagger2.web.Swagger2Controller#getDocumentation(String, HttpServletRequest)]
2020-03-25 10:03:44.270  WARN 911 --- [    Test worker] o.s.c.n.a.ArchaiusAutoConfiguration      : No spring.application.name found, defaulting to 'application'
2020-03-25 10:03:44.278  WARN 911 --- [    Test worker] c.n.c.sources.URLConfigurationSource     : No URLs will be polled as dynamic configuration sources.
2020-03-25 10:03:44.279  INFO 911 --- [    Test worker] c.n.c.sources.URLConfigurationSource     : To enable URLs as dynamic configuration sources, define System property archaius.configurationSource.additionalUrls or make config.properties available on classpath.
2020-03-25 10:03:44.290  WARN 911 --- [    Test worker] c.n.c.sources.URLConfigurationSource     : No URLs will be polled as dynamic configuration sources.
2020-03-25 10:03:44.290  INFO 911 --- [    Test worker] c.n.c.sources.URLConfigurationSource     : To enable URLs as dynamic configuration sources, define System property archaius.configurationSource.additionalUrls or make config.properties available on classpath.
2020-03-25 10:03:44.475  WARN 911 --- [    Test worker] JpaBaseConfiguration$JpaWebConfiguration : spring.jpa.open-in-view is enabled by default. Therefore, database queries may be performed during view rendering. Explicitly configure spring.jpa.open-in-view to disable this warning
2020-03-25 10:03:44.804  INFO 911 --- [    Test worker] o.s.b.a.h2.H2ConsoleAutoConfiguration    : H2 console available at '/h2'. Database available at 'jdbc:h2:mem:tqi-test-client-test'
2020-03-25 10:03:45.026  INFO 911 --- [    Test worker] o.s.b.t.m.w.SpringBootMockServletContext : Initializing Spring TestDispatcherServlet ''
2020-03-25 10:03:45.026  INFO 911 --- [    Test worker] o.s.t.web.servlet.TestDispatcherServlet  : Initializing Servlet ''
2020-03-25 10:03:45.063  INFO 911 --- [    Test worker] o.s.t.web.servlet.TestDispatcherServlet  : Completed initialization in 36 ms
2020-03-25 10:03:45.367  INFO 911 --- [    Test worker] d.s.w.p.DocumentationPluginsBootstrapper : Context refreshed
2020-03-25 10:03:45.435  INFO 911 --- [    Test worker] d.s.w.p.DocumentationPluginsBootstrapper : Found 1 custom documentation plugin(s)
2020-03-25 10:03:45.523  INFO 911 --- [    Test worker] s.d.s.w.s.ApiListingReferenceScanner     : Scanning for api listing references
2020-03-25 10:03:45.972  INFO 911 --- [    Test worker] b.c.t.c.c.AddressControllerTest          : Started AddressControllerTest in 16.452 seconds (JVM running for 19.277)
]]></system-out>
  <system-err><![CDATA[]]></system-err>
</testsuite>
