<?xml version="1.0" encoding="UTF-8"?>
<testsuite name="br.com.tqi.client.controller.ClientControllerTest" tests="7" skipped="0" failures="0" errors="0" timestamp="2020-03-25T13:03:51" hostname="MBP-de-Diego" time="0.976">
  <properties/>
  <testcase name="testSave" classname="br.com.tqi.client.controller.ClientControllerTest" time="0.691"/>
  <testcase name="testPayloadInvalid" classname="br.com.tqi.client.controller.ClientControllerTest" time="0.056"/>
  <testcase name="testGetById" classname="br.com.tqi.client.controller.ClientControllerTest" time="0.032"/>
  <testcase name="testChangeAddress" classname="br.com.tqi.client.controller.ClientControllerTest" time="0.075"/>
  <testcase name="testPayloadMalFormated" classname="br.com.tqi.client.controller.ClientControllerTest" time="0.014"/>
  <testcase name="testGetAll" classname="br.com.tqi.client.controller.ClientControllerTest" time="0.073"/>
  <testcase name="testCpfAlreadyExist" classname="br.com.tqi.client.controller.ClientControllerTest" time="0.021"/>
  <system-out><![CDATA[2020-03-25 10:03:46.534  INFO 911 --- [    Test worker] .b.t.c.SpringBootTestContextBootstrapper : Neither @ContextConfiguration nor @ContextHierarchy found for test class [br.com.tqi.client.controller.ClientControllerTest], using SpringBootContextLoader
2020-03-25 10:03:46.536  INFO 911 --- [    Test worker] o.s.t.c.support.AbstractContextLoader    : Could not detect default resource locations for test class [br.com.tqi.client.controller.ClientControllerTest]: no resource found for suffixes {-context.xml, Context.groovy}.
2020-03-25 10:03:46.536  INFO 911 --- [    Test worker] t.c.s.AnnotationConfigContextLoaderUtils : Could not detect default configuration classes for test class [br.com.tqi.client.controller.ClientControllerTest]: ClientControllerTest does not declare any static, non-private, non-final, nested classes annotated with @Configuration.
2020-03-25 10:03:46.542  INFO 911 --- [    Test worker] .b.t.c.SpringBootTestContextBootstrapper : Found @SpringBootConfiguration br.com.tqi.client.ClientApplication for test class br.com.tqi.client.controller.ClientControllerTest
2020-03-25 10:03:46.547  INFO 911 --- [    Test worker] .b.t.c.SpringBootTestContextBootstrapper : Loaded default TestExecutionListener class names from location [META-INF/spring.factories]: [org.springframework.boot.test.autoconfigure.restdocs.RestDocsTestExecutionListener, org.springframework.boot.test.autoconfigure.web.client.MockRestServiceServerResetTestExecutionListener, org.springframework.boot.test.autoconfigure.web.servlet.MockMvcPrintOnlyOnFailureTestExecutionListener, org.springframework.boot.test.autoconfigure.web.servlet.WebDriverTestExecutionListener, org.springframework.boot.test.mock.mockito.MockitoTestExecutionListener, org.springframework.boot.test.mock.mockito.ResetMocksTestExecutionListener, org.springframework.test.context.web.ServletTestExecutionListener, org.springframework.test.context.support.DirtiesContextBeforeModesTestExecutionListener, org.springframework.test.context.support.DependencyInjectionTestExecutionListener, org.springframework.test.context.support.DirtiesContextTestExecutionListener, org.springframework.test.context.transaction.TransactionalTestExecutionListener, org.springframework.test.context.jdbc.SqlScriptsTestExecutionListener, org.springframework.test.context.event.EventPublishingTestExecutionListener]
2020-03-25 10:03:46.549  INFO 911 --- [    Test worker] .b.t.c.SpringBootTestContextBootstrapper : Using TestExecutionListeners: [org.springframework.test.context.web.ServletTestExecutionListener@55f11ec9, org.springframework.test.context.support.DirtiesContextBeforeModesTestExecutionListener@6662783a, org.springframework.boot.test.mock.mockito.MockitoTestExecutionListener@3c172eab, org.springframework.boot.test.autoconfigure.SpringBootDependencyInjectionTestExecutionListener@501f6c30, org.springframework.test.context.support.DirtiesContextTestExecutionListener@d4537ac, org.springframework.test.context.transaction.TransactionalTestExecutionListener@78133d96, org.springframework.test.context.jdbc.SqlScriptsTestExecutionListener@7d743649, org.springframework.test.context.event.EventPublishingTestExecutionListener@56a1bb3b, org.springframework.boot.test.autoconfigure.restdocs.RestDocsTestExecutionListener@727d1e14, org.springframework.boot.test.autoconfigure.web.client.MockRestServiceServerResetTestExecutionListener@13e36240, org.springframework.boot.test.autoconfigure.web.servlet.MockMvcPrintOnlyOnFailureTestExecutionListener@4f79d80b, org.springframework.boot.test.autoconfigure.web.servlet.WebDriverTestExecutionListener@145acabc, org.springframework.boot.test.mock.mockito.ResetMocksTestExecutionListener@e4dfb9d]

  .   ____          _            __ _ _
 /\\ / ___'_ __ _ _(_)_ __  __ _ \ \ \ \
( ( )\___ | '_ | '_| | '_ \/ _` | \ \ \ \
 \\/  ___)| |_)| | | | | || (_| |  ) ) ) )
  '  |____| .__|_| |_|_| |_\__, | / / / /
 =========|_|==============|___/=/_/_/_/
 :: Spring Boot ::        (v2.2.5.RELEASE)

2020-03-25 10:03:46.764  INFO 911 --- [    Test worker] b.c.t.c.controller.ClientControllerTest  : No active profile set, falling back to default profiles: default
2020-03-25 10:03:47.649 DEBUG 911 --- [    Test worker] o.s.c.openfeign.FeignClientsRegistrar$2  : Identified candidate component class: file [/Users/dmjesus89/Downloads/tqi-test-development-master/build/classes/java/main/br/com/tqi/client/proxy/ViaCepProxy.class]
2020-03-25 10:03:47.771  INFO 911 --- [    Test worker] .s.d.r.c.RepositoryConfigurationDelegate : Bootstrapping Spring Data JPA repositories in DEFAULT mode.
2020-03-25 10:03:47.808  INFO 911 --- [    Test worker] .s.d.r.c.RepositoryConfigurationDelegate : Finished Spring Data repository scanning in 36ms. Found 2 JPA repository interfaces.
2020-03-25 10:03:48.013  INFO 911 --- [    Test worker] o.s.cloud.context.scope.GenericScope     : BeanFactory id=102847df-f262-36be-89af-7f3c88765ffc
2020-03-25 10:03:48.088  INFO 911 --- [    Test worker] trationDelegate$BeanPostProcessorChecker : Bean 'br.com.tqi.client.proxy.ViaCepProxy' of type [org.springframework.cloud.openfeign.FeignClientFactoryBean] is not eligible for getting processed by all BeanPostProcessors (for example: not eligible for auto-proxying)
2020-03-25 10:03:48.410  INFO 911 --- [    Test worker] com.zaxxer.hikari.HikariDataSource       : HikariPool-2 - Starting...
2020-03-25 10:03:48.414  INFO 911 --- [    Test worker] com.zaxxer.hikari.HikariDataSource       : HikariPool-2 - Start completed.
2020-03-25 10:03:48.415  INFO 911 --- [    Test worker] o.f.c.internal.database.DatabaseFactory  : Database: jdbc:h2:mem:tqi-test-client-test (H2 1.4)
2020-03-25 10:03:48.418  WARN 911 --- [    Test worker] o.f.c.internal.database.base.Database    : Flyway upgrade recommended: H2 1.4.199 is newer than this version of Flyway and support has not been tested.
2020-03-25 10:03:48.452  INFO 911 --- [    Test worker] o.f.core.internal.command.DbValidate     : Successfully validated 2 migrations (execution time 00:00.012s)
2020-03-25 10:03:48.498  INFO 911 --- [    Test worker] o.f.core.internal.command.DbMigrate      : Current version of schema "PUBLIC": 1
2020-03-25 10:03:48.499  INFO 911 --- [    Test worker] o.f.core.internal.command.DbMigrate      : Schema "PUBLIC" is up to date. No migration necessary.
2020-03-25 10:03:48.589  INFO 911 --- [    Test worker] o.hibernate.jpa.internal.util.LogHelper  : HHH000204: Processing PersistenceUnitInfo [name: default]
2020-03-25 10:03:48.604  INFO 911 --- [    Test worker] org.hibernate.dialect.Dialect            : HHH000400: Using dialect: org.hibernate.dialect.H2Dialect
2020-03-25 10:03:48.753  INFO 911 --- [    Test worker] o.h.e.t.j.p.i.JtaPlatformInitiator       : HHH000490: Using JtaPlatform implementation: [org.hibernate.engine.transaction.jta.platform.internal.NoJtaPlatform]
2020-03-25 10:03:48.754  INFO 911 --- [    Test worker] j.LocalContainerEntityManagerFactoryBean : Initialized JPA EntityManagerFactory for persistence unit 'default'
2020-03-25 10:03:50.138  INFO 911 --- [    Test worker] pertySourcedRequestMappingHandlerMapping : Mapped URL path [/v2/api-docs] onto method [springfox.documentation.swagger2.web.Swagger2Controller#getDocumentation(String, HttpServletRequest)]
2020-03-25 10:03:50.552  WARN 911 --- [    Test worker] o.s.c.n.a.ArchaiusAutoConfiguration      : Netflix ConfigurationManager has already been installed, unable to re-install
2020-03-25 10:03:50.655  WARN 911 --- [    Test worker] JpaBaseConfiguration$JpaWebConfiguration : spring.jpa.open-in-view is enabled by default. Therefore, database queries may be performed during view rendering. Explicitly configure spring.jpa.open-in-view to disable this warning
2020-03-25 10:03:50.812  INFO 911 --- [    Test worker] o.s.b.a.h2.H2ConsoleAutoConfiguration    : H2 console available at '/h2'. Database available at 'jdbc:h2:mem:tqi-test-client-test'
2020-03-25 10:03:50.915  INFO 911 --- [    Test worker] o.s.b.t.m.w.SpringBootMockServletContext : Initializing Spring TestDispatcherServlet ''
2020-03-25 10:03:50.916  INFO 911 --- [    Test worker] o.s.t.web.servlet.TestDispatcherServlet  : Initializing Servlet ''
2020-03-25 10:03:50.938  INFO 911 --- [    Test worker] o.s.t.web.servlet.TestDispatcherServlet  : Completed initialization in 22 ms
2020-03-25 10:03:51.096  INFO 911 --- [    Test worker] d.s.w.p.DocumentationPluginsBootstrapper : Context refreshed
2020-03-25 10:03:51.097  INFO 911 --- [    Test worker] d.s.w.p.DocumentationPluginsBootstrapper : Found 1 custom documentation plugin(s)
2020-03-25 10:03:51.122  INFO 911 --- [    Test worker] s.d.s.w.s.ApiListingReferenceScanner     : Scanning for api listing references
2020-03-25 10:03:51.260  INFO 911 --- [    Test worker] b.c.t.c.controller.ClientControllerTest  : Started ClientControllerTest in 4.697 seconds (JVM running for 24.565)
]]></system-out>
  <system-err><![CDATA[]]></system-err>
</testsuite>
